ARM GAS  C:\DOCUME~1\ADMINI~1\LOCALS~1\Temp\ccDwzcVf.s 			page 1


   1              		.syntax unified
   2              		.cpu cortex-m3
   3              		.fpu softvfp
   4              		.eabi_attribute 20, 1
   5              		.eabi_attribute 21, 1
   6              		.eabi_attribute 23, 3
   7              		.eabi_attribute 24, 1
   8              		.eabi_attribute 25, 1
   9              		.eabi_attribute 26, 1
  10              		.eabi_attribute 30, 6
  11              		.eabi_attribute 18, 4
  12              		.thumb
  13              		.file	"Droop_Filter_PM.c"
  14              		.section	.debug_abbrev,"",%progbits
  15              	.Ldebug_abbrev0:
  16              		.section	.debug_info,"",%progbits
  17              	.Ldebug_info0:
  18              		.section	.debug_line,"",%progbits
  19              	.Ldebug_line0:
  20 0000 FD000000 		.text
  20      02009000 
  20      00000201 
  20      FB0E0D00 
  20      01010101 
  21              	.Ltext0:
  22              		.cfi_sections	.debug_frame
  23              		.data
  24              		.align	2
  25              		.type	Droop_Filter_backup, %object
  26              		.size	Droop_Filter_backup, 4
  27              	Droop_Filter_backup:
  28 0000 00       		.byte	0
  29 0001 01       		.byte	1
  30 0002 0000     		.space	2
  31              		.section	.text.Droop_Filter_SaveConfig,"ax",%progbits
  32              		.align	2
  33              		.global	Droop_Filter_SaveConfig
  34              		.thumb
  35              		.thumb_func
  36              		.type	Droop_Filter_SaveConfig, %function
  37              	Droop_Filter_SaveConfig:
  38              	.LFB0:
  39              		.file 1 ".\\Generated_Source\\PSoC5\\Droop_Filter_PM.c"
   1:.\Generated_Source\PSoC5/Droop_Filter_PM.c **** /*******************************************************************************
   2:.\Generated_Source\PSoC5/Droop_Filter_PM.c **** * File Name: Droop_Filter_PM.c
   3:.\Generated_Source\PSoC5/Droop_Filter_PM.c **** * Version 2.10
   4:.\Generated_Source\PSoC5/Droop_Filter_PM.c **** *
   5:.\Generated_Source\PSoC5/Droop_Filter_PM.c **** * Description:
   6:.\Generated_Source\PSoC5/Droop_Filter_PM.c **** *  This file provides the power managaer API source code for the FILT component.
   7:.\Generated_Source\PSoC5/Droop_Filter_PM.c **** *
   8:.\Generated_Source\PSoC5/Droop_Filter_PM.c **** * Note:
   9:.\Generated_Source\PSoC5/Droop_Filter_PM.c **** *  
  10:.\Generated_Source\PSoC5/Droop_Filter_PM.c **** *******************************************************************************
  11:.\Generated_Source\PSoC5/Droop_Filter_PM.c **** * Copyright 2008-2012, Cypress Semiconductor Corporation.  All rights reserved.
  12:.\Generated_Source\PSoC5/Droop_Filter_PM.c **** * You may use this file only in accordance with the license, terms, conditions, 
  13:.\Generated_Source\PSoC5/Droop_Filter_PM.c **** * disclaimers, and limitations in the end user license agreement accompanying 
  14:.\Generated_Source\PSoC5/Droop_Filter_PM.c **** * the software package with which this file was provided.
ARM GAS  C:\DOCUME~1\ADMINI~1\LOCALS~1\Temp\ccDwzcVf.s 			page 2


  15:.\Generated_Source\PSoC5/Droop_Filter_PM.c **** ********************************************************************************/
  16:.\Generated_Source\PSoC5/Droop_Filter_PM.c **** 
  17:.\Generated_Source\PSoC5/Droop_Filter_PM.c **** #include "Droop_Filter_PVT.h"
  18:.\Generated_Source\PSoC5/Droop_Filter_PM.c **** 
  19:.\Generated_Source\PSoC5/Droop_Filter_PM.c **** static Droop_Filter_BACKUP_STRUCT  Droop_Filter_backup = 
  20:.\Generated_Source\PSoC5/Droop_Filter_PM.c **** {
  21:.\Generated_Source\PSoC5/Droop_Filter_PM.c ****     Droop_Filter_DISABLED,
  22:.\Generated_Source\PSoC5/Droop_Filter_PM.c ****     Droop_Filter_RUN_MASK,
  23:.\Generated_Source\PSoC5/Droop_Filter_PM.c ****     
  24:.\Generated_Source\PSoC5/Droop_Filter_PM.c **** };
  25:.\Generated_Source\PSoC5/Droop_Filter_PM.c **** 
  26:.\Generated_Source\PSoC5/Droop_Filter_PM.c **** 
  27:.\Generated_Source\PSoC5/Droop_Filter_PM.c **** /*******************************************************************************
  28:.\Generated_Source\PSoC5/Droop_Filter_PM.c **** * Function Name: Droop_Filter_SaveConfig
  29:.\Generated_Source\PSoC5/Droop_Filter_PM.c **** ********************************************************************************
  30:.\Generated_Source\PSoC5/Droop_Filter_PM.c **** *
  31:.\Generated_Source\PSoC5/Droop_Filter_PM.c **** * Summary:
  32:.\Generated_Source\PSoC5/Droop_Filter_PM.c **** *  Saves the current user configuration.
  33:.\Generated_Source\PSoC5/Droop_Filter_PM.c **** *  
  34:.\Generated_Source\PSoC5/Droop_Filter_PM.c **** * Parameters:  
  35:.\Generated_Source\PSoC5/Droop_Filter_PM.c **** *  void
  36:.\Generated_Source\PSoC5/Droop_Filter_PM.c **** *
  37:.\Generated_Source\PSoC5/Droop_Filter_PM.c **** * Return: 
  38:.\Generated_Source\PSoC5/Droop_Filter_PM.c **** *  void
  39:.\Generated_Source\PSoC5/Droop_Filter_PM.c **** *
  40:.\Generated_Source\PSoC5/Droop_Filter_PM.c **** * Global variables:
  41:.\Generated_Source\PSoC5/Droop_Filter_PM.c **** *  Droop_Filter_backup:  This global structure variable is used to store 
  42:.\Generated_Source\PSoC5/Droop_Filter_PM.c **** *  configuration registers which are non retention whenever user wants to go 
  43:.\Generated_Source\PSoC5/Droop_Filter_PM.c **** *  sleep mode by calling Sleep() API.
  44:.\Generated_Source\PSoC5/Droop_Filter_PM.c **** *
  45:.\Generated_Source\PSoC5/Droop_Filter_PM.c **** *******************************************************************************/
  46:.\Generated_Source\PSoC5/Droop_Filter_PM.c **** void Droop_Filter_SaveConfig(void) 
  47:.\Generated_Source\PSoC5/Droop_Filter_PM.c **** {
  40              		.loc 1 47 0
  41              		.cfi_startproc
  42              		@ args = 0, pretend = 0, frame = 0
  43              		@ frame_needed = 1, uses_anonymous_args = 0
  44              		@ link register save eliminated.
  45 0000 80B4     		push	{r7}
  46              	.LCFI0:
  47              		.cfi_def_cfa_offset 4
  48 0002 00AF     		add	r7, sp, #0
  49              		.cfi_offset 7, -4
  50              	.LCFI1:
  51              		.cfi_def_cfa_register 7
  48:.\Generated_Source\PSoC5/Droop_Filter_PM.c ****     Droop_Filter_backup.cr = Droop_Filter_CR_REG;
  52              		.loc 1 48 0
  53 0004 4CF28073 		movw	r3, #:lower16:1073792896
  54 0008 C4F20003 		movt	r3, #:upper16:1073792896
  55 000c 1B78     		ldrb	r3, [r3, #0]
  56 000e DAB2     		uxtb	r2, r3
  57 0010 40F20003 		movw	r3, #:lower16:Droop_Filter_backup
  58 0014 C0F20003 		movt	r3, #:upper16:Droop_Filter_backup
  59 0018 5A70     		strb	r2, [r3, #1]
  49:.\Generated_Source\PSoC5/Droop_Filter_PM.c ****     Droop_Filter_backup.sr = Droop_Filter_SR_REG;
  60              		.loc 1 49 0
  61 001a 4CF28473 		movw	r3, #:lower16:1073792900
ARM GAS  C:\DOCUME~1\ADMINI~1\LOCALS~1\Temp\ccDwzcVf.s 			page 3


  62 001e C4F20003 		movt	r3, #:upper16:1073792900
  63 0022 1B78     		ldrb	r3, [r3, #0]
  64 0024 DAB2     		uxtb	r2, r3
  65 0026 40F20003 		movw	r3, #:lower16:Droop_Filter_backup
  66 002a C0F20003 		movt	r3, #:upper16:Droop_Filter_backup
  67 002e 9A70     		strb	r2, [r3, #2]
  50:.\Generated_Source\PSoC5/Droop_Filter_PM.c ****     Droop_Filter_backup.sema = Droop_Filter_SEMA_REG;
  68              		.loc 1 50 0
  69 0030 4CF29073 		movw	r3, #:lower16:1073792912
  70 0034 C4F20003 		movt	r3, #:upper16:1073792912
  71 0038 1B78     		ldrb	r3, [r3, #0]
  72 003a DAB2     		uxtb	r2, r3
  73 003c 40F20003 		movw	r3, #:lower16:Droop_Filter_backup
  74 0040 C0F20003 		movt	r3, #:upper16:Droop_Filter_backup
  75 0044 DA70     		strb	r2, [r3, #3]
  51:.\Generated_Source\PSoC5/Droop_Filter_PM.c **** }
  76              		.loc 1 51 0
  77 0046 BD46     		mov	sp, r7
  78 0048 80BC     		pop	{r7}
  79 004a 7047     		bx	lr
  80              		.cfi_endproc
  81              	.LFE0:
  82              		.size	Droop_Filter_SaveConfig, .-Droop_Filter_SaveConfig
  83              		.section	.text.Droop_Filter_RestoreConfig,"ax",%progbits
  84              		.align	2
  85              		.global	Droop_Filter_RestoreConfig
  86              		.thumb
  87              		.thumb_func
  88              		.type	Droop_Filter_RestoreConfig, %function
  89              	Droop_Filter_RestoreConfig:
  90              	.LFB1:
  52:.\Generated_Source\PSoC5/Droop_Filter_PM.c **** 
  53:.\Generated_Source\PSoC5/Droop_Filter_PM.c **** 
  54:.\Generated_Source\PSoC5/Droop_Filter_PM.c **** /*******************************************************************************
  55:.\Generated_Source\PSoC5/Droop_Filter_PM.c **** * Function Name: Droop_Filter_RestoreConfig
  56:.\Generated_Source\PSoC5/Droop_Filter_PM.c **** ********************************************************************************
  57:.\Generated_Source\PSoC5/Droop_Filter_PM.c **** *
  58:.\Generated_Source\PSoC5/Droop_Filter_PM.c **** * Summary:
  59:.\Generated_Source\PSoC5/Droop_Filter_PM.c **** *  Restores the current user configuration.
  60:.\Generated_Source\PSoC5/Droop_Filter_PM.c **** *
  61:.\Generated_Source\PSoC5/Droop_Filter_PM.c **** * Parameters:  
  62:.\Generated_Source\PSoC5/Droop_Filter_PM.c **** *  void
  63:.\Generated_Source\PSoC5/Droop_Filter_PM.c **** *
  64:.\Generated_Source\PSoC5/Droop_Filter_PM.c **** * Return: 
  65:.\Generated_Source\PSoC5/Droop_Filter_PM.c **** *  void
  66:.\Generated_Source\PSoC5/Droop_Filter_PM.c **** *
  67:.\Generated_Source\PSoC5/Droop_Filter_PM.c **** * Global variables:
  68:.\Generated_Source\PSoC5/Droop_Filter_PM.c **** *  Droop_Filter_backup:  This global structure variable is used to restore 
  69:.\Generated_Source\PSoC5/Droop_Filter_PM.c **** *  configuration registers which are non retention whenever user wants to switch 
  70:.\Generated_Source\PSoC5/Droop_Filter_PM.c **** *  to active power mode by calling Wakeup() API.
  71:.\Generated_Source\PSoC5/Droop_Filter_PM.c **** *
  72:.\Generated_Source\PSoC5/Droop_Filter_PM.c **** *******************************************************************************/
  73:.\Generated_Source\PSoC5/Droop_Filter_PM.c **** void Droop_Filter_RestoreConfig(void) 
  74:.\Generated_Source\PSoC5/Droop_Filter_PM.c **** {
  91              		.loc 1 74 0
  92              		.cfi_startproc
  93              		@ args = 0, pretend = 0, frame = 0
ARM GAS  C:\DOCUME~1\ADMINI~1\LOCALS~1\Temp\ccDwzcVf.s 			page 4


  94              		@ frame_needed = 1, uses_anonymous_args = 0
  95 0000 80B5     		push	{r7, lr}
  96              	.LCFI2:
  97              		.cfi_def_cfa_offset 8
  98 0002 00AF     		add	r7, sp, #0
  99              		.cfi_offset 14, -4
 100              		.cfi_offset 7, -8
 101              	.LCFI3:
 102              		.cfi_def_cfa_register 7
  75:.\Generated_Source\PSoC5/Droop_Filter_PM.c ****     Droop_Filter_CR_REG = Droop_Filter_backup.cr;
 103              		.loc 1 75 0
 104 0004 4CF28073 		movw	r3, #:lower16:1073792896
 105 0008 C4F20003 		movt	r3, #:upper16:1073792896
 106 000c 40F20002 		movw	r2, #:lower16:Droop_Filter_backup
 107 0010 C0F20002 		movt	r2, #:upper16:Droop_Filter_backup
 108 0014 5278     		ldrb	r2, [r2, #1]	@ zero_extendqisi2
 109 0016 1A70     		strb	r2, [r3, #0]
  76:.\Generated_Source\PSoC5/Droop_Filter_PM.c ****     Droop_Filter_SR_REG = Droop_Filter_backup.sr;
 110              		.loc 1 76 0
 111 0018 4CF28473 		movw	r3, #:lower16:1073792900
 112 001c C4F20003 		movt	r3, #:upper16:1073792900
 113 0020 40F20002 		movw	r2, #:lower16:Droop_Filter_backup
 114 0024 C0F20002 		movt	r2, #:upper16:Droop_Filter_backup
 115 0028 9278     		ldrb	r2, [r2, #2]	@ zero_extendqisi2
 116 002a 1A70     		strb	r2, [r3, #0]
  77:.\Generated_Source\PSoC5/Droop_Filter_PM.c ****     Droop_Filter_SEMA_REG = Droop_Filter_backup.sema;
 117              		.loc 1 77 0
 118 002c 4CF29073 		movw	r3, #:lower16:1073792912
 119 0030 C4F20003 		movt	r3, #:upper16:1073792912
 120 0034 40F20002 		movw	r2, #:lower16:Droop_Filter_backup
 121 0038 C0F20002 		movt	r2, #:upper16:Droop_Filter_backup
 122 003c D278     		ldrb	r2, [r2, #3]	@ zero_extendqisi2
 123 003e 1A70     		strb	r2, [r3, #0]
  78:.\Generated_Source\PSoC5/Droop_Filter_PM.c ****     // Restore ACU RAM as this is not retension
  79:.\Generated_Source\PSoC5/Droop_Filter_PM.c ****     Droop_Filter_RestoreACURam();
 124              		.loc 1 79 0
 125 0040 FFF7FEFF 		bl	Droop_Filter_RestoreACURam
  80:.\Generated_Source\PSoC5/Droop_Filter_PM.c **** }
 126              		.loc 1 80 0
 127 0044 80BD     		pop	{r7, pc}
 128              		.cfi_endproc
 129              	.LFE1:
 130              		.size	Droop_Filter_RestoreConfig, .-Droop_Filter_RestoreConfig
 131 0046 00BF     		.section	.text.Droop_Filter_RestoreACURam,"ax",%progbits
 132              		.align	2
 133              		.global	Droop_Filter_RestoreACURam
 134              		.thumb
 135              		.thumb_func
 136              		.type	Droop_Filter_RestoreACURam, %function
 137              	Droop_Filter_RestoreACURam:
 138              	.LFB2:
  81:.\Generated_Source\PSoC5/Droop_Filter_PM.c **** 
  82:.\Generated_Source\PSoC5/Droop_Filter_PM.c **** 
  83:.\Generated_Source\PSoC5/Droop_Filter_PM.c **** /*******************************************************************************
  84:.\Generated_Source\PSoC5/Droop_Filter_PM.c **** * Function Name: Droop_Filter_RestoreACURAM
  85:.\Generated_Source\PSoC5/Droop_Filter_PM.c **** ********************************************************************************
  86:.\Generated_Source\PSoC5/Droop_Filter_PM.c **** *
ARM GAS  C:\DOCUME~1\ADMINI~1\LOCALS~1\Temp\ccDwzcVf.s 			page 5


  87:.\Generated_Source\PSoC5/Droop_Filter_PM.c **** * Summary:
  88:.\Generated_Source\PSoC5/Droop_Filter_PM.c **** *  Restores the contents of ACU ram.
  89:.\Generated_Source\PSoC5/Droop_Filter_PM.c **** *
  90:.\Generated_Source\PSoC5/Droop_Filter_PM.c **** * Parameters:  
  91:.\Generated_Source\PSoC5/Droop_Filter_PM.c **** *  void
  92:.\Generated_Source\PSoC5/Droop_Filter_PM.c **** *
  93:.\Generated_Source\PSoC5/Droop_Filter_PM.c **** * Return: 
  94:.\Generated_Source\PSoC5/Droop_Filter_PM.c **** *  void
  95:.\Generated_Source\PSoC5/Droop_Filter_PM.c **** *
  96:.\Generated_Source\PSoC5/Droop_Filter_PM.c **** * Global variables:
  97:.\Generated_Source\PSoC5/Droop_Filter_PM.c **** *  None.
  98:.\Generated_Source\PSoC5/Droop_Filter_PM.c **** *
  99:.\Generated_Source\PSoC5/Droop_Filter_PM.c **** *******************************************************************************/
 100:.\Generated_Source\PSoC5/Droop_Filter_PM.c **** void Droop_Filter_RestoreACURam() 
 101:.\Generated_Source\PSoC5/Droop_Filter_PM.c **** {
 139              		.loc 1 101 0
 140              		.cfi_startproc
 141              		@ args = 0, pretend = 0, frame = 0
 142              		@ frame_needed = 1, uses_anonymous_args = 0
 143 0000 80B5     		push	{r7, lr}
 144              	.LCFI4:
 145              		.cfi_def_cfa_offset 8
 146 0002 00AF     		add	r7, sp, #0
 147              		.cfi_offset 14, -4
 148              		.cfi_offset 7, -8
 149              	.LCFI5:
 150              		.cfi_def_cfa_register 7
 102:.\Generated_Source\PSoC5/Droop_Filter_PM.c ****     /* Power on DFB before initializing the RAMs */
 103:.\Generated_Source\PSoC5/Droop_Filter_PM.c ****     Droop_Filter_PM_ACT_CFG_REG |= Droop_Filter_PM_ACT_MSK;
 151              		.loc 1 103 0
 152 0004 44F2A633 		movw	r3, #:lower16:1073759142
 153 0008 C4F20003 		movt	r3, #:upper16:1073759142
 154 000c 44F2A632 		movw	r2, #:lower16:1073759142
 155 0010 C4F20002 		movt	r2, #:upper16:1073759142
 156 0014 1278     		ldrb	r2, [r2, #0]
 157 0016 D2B2     		uxtb	r2, r2
 158 0018 42F01002 		orr	r2, r2, #16
 159 001c D2B2     		uxtb	r2, r2
 160 001e 1A70     		strb	r2, [r3, #0]
 104:.\Generated_Source\PSoC5/Droop_Filter_PM.c **** 
 105:.\Generated_Source\PSoC5/Droop_Filter_PM.c ****     /* Put DFB RAM on the bus */
 106:.\Generated_Source\PSoC5/Droop_Filter_PM.c ****     Droop_Filter_RAM_DIR_REG = Droop_Filter_RAM_DIR_BUS;
 161              		.loc 1 106 0
 162 0020 4CF28C73 		movw	r3, #:lower16:1073792908
 163 0024 C4F20003 		movt	r3, #:upper16:1073792908
 164 0028 4FF03F02 		mov	r2, #63
 165 002c 1A70     		strb	r2, [r3, #0]
 107:.\Generated_Source\PSoC5/Droop_Filter_PM.c **** 
 108:.\Generated_Source\PSoC5/Droop_Filter_PM.c ****     /* ACU RAM */
 109:.\Generated_Source\PSoC5/Droop_Filter_PM.c ****     memcpy(Droop_Filter_ACU_RAM,
 166              		.loc 1 109 0
 167 002e 4CF20070 		movw	r0, #:lower16:1073792768
 168 0032 C4F20000 		movt	r0, #:upper16:1073792768
 169 0036 40F20001 		movw	r1, #:lower16:Droop_Filter_acu
 170 003a C0F20001 		movt	r1, #:upper16:Droop_Filter_acu
 171 003e 4FF04002 		mov	r2, #64
 172 0042 FFF7FEFF 		bl	memcpy
ARM GAS  C:\DOCUME~1\ADMINI~1\LOCALS~1\Temp\ccDwzcVf.s 			page 6


 110:.\Generated_Source\PSoC5/Droop_Filter_PM.c ****         Droop_Filter_acu, Droop_Filter_ACU_RAM_SIZE); 
 111:.\Generated_Source\PSoC5/Droop_Filter_PM.c **** 
 112:.\Generated_Source\PSoC5/Droop_Filter_PM.c ****     /* Take DFB RAM off the bus */
 113:.\Generated_Source\PSoC5/Droop_Filter_PM.c ****     Droop_Filter_RAM_DIR_REG = Droop_Filter_RAM_DIR_DFB;
 173              		.loc 1 113 0
 174 0046 4CF28C73 		movw	r3, #:lower16:1073792908
 175 004a C4F20003 		movt	r3, #:upper16:1073792908
 176 004e 4FF00002 		mov	r2, #0
 177 0052 1A70     		strb	r2, [r3, #0]
 114:.\Generated_Source\PSoC5/Droop_Filter_PM.c **** }
 178              		.loc 1 114 0
 179 0054 80BD     		pop	{r7, pc}
 180              		.cfi_endproc
 181              	.LFE2:
 182              		.size	Droop_Filter_RestoreACURam, .-Droop_Filter_RestoreACURam
 183 0056 00BF     		.section	.text.Droop_Filter_Sleep,"ax",%progbits
 184              		.align	2
 185              		.global	Droop_Filter_Sleep
 186              		.thumb
 187              		.thumb_func
 188              		.type	Droop_Filter_Sleep, %function
 189              	Droop_Filter_Sleep:
 190              	.LFB3:
 115:.\Generated_Source\PSoC5/Droop_Filter_PM.c **** 
 116:.\Generated_Source\PSoC5/Droop_Filter_PM.c **** 
 117:.\Generated_Source\PSoC5/Droop_Filter_PM.c **** /*******************************************************************************
 118:.\Generated_Source\PSoC5/Droop_Filter_PM.c **** * Function Name: Droop_Filter_Sleep
 119:.\Generated_Source\PSoC5/Droop_Filter_PM.c **** ********************************************************************************
 120:.\Generated_Source\PSoC5/Droop_Filter_PM.c **** *
 121:.\Generated_Source\PSoC5/Droop_Filter_PM.c **** * Summary:
 122:.\Generated_Source\PSoC5/Droop_Filter_PM.c **** *  Disables block's operation and saves its configuration. Should be called 
 123:.\Generated_Source\PSoC5/Droop_Filter_PM.c **** *  just prior to entering sleep.
 124:.\Generated_Source\PSoC5/Droop_Filter_PM.c **** *  
 125:.\Generated_Source\PSoC5/Droop_Filter_PM.c **** * Parameters:  
 126:.\Generated_Source\PSoC5/Droop_Filter_PM.c **** *  void
 127:.\Generated_Source\PSoC5/Droop_Filter_PM.c **** *
 128:.\Generated_Source\PSoC5/Droop_Filter_PM.c **** * Return: 
 129:.\Generated_Source\PSoC5/Droop_Filter_PM.c **** *  void
 130:.\Generated_Source\PSoC5/Droop_Filter_PM.c **** *
 131:.\Generated_Source\PSoC5/Droop_Filter_PM.c **** * Global variables:
 132:.\Generated_Source\PSoC5/Droop_Filter_PM.c **** *  Droop_Filter_backup:  The structure field 'enableState' is modified 
 133:.\Generated_Source\PSoC5/Droop_Filter_PM.c **** *  depending on the enable state of the block before entering to sleep mode.
 134:.\Generated_Source\PSoC5/Droop_Filter_PM.c **** *
 135:.\Generated_Source\PSoC5/Droop_Filter_PM.c **** *******************************************************************************/
 136:.\Generated_Source\PSoC5/Droop_Filter_PM.c **** void Droop_Filter_Sleep(void) 
 137:.\Generated_Source\PSoC5/Droop_Filter_PM.c **** {
 191              		.loc 1 137 0
 192              		.cfi_startproc
 193              		@ args = 0, pretend = 0, frame = 0
 194              		@ frame_needed = 1, uses_anonymous_args = 0
 195 0000 80B5     		push	{r7, lr}
 196              	.LCFI6:
 197              		.cfi_def_cfa_offset 8
 198 0002 00AF     		add	r7, sp, #0
 199              		.cfi_offset 14, -4
 200              		.cfi_offset 7, -8
 201              	.LCFI7:
ARM GAS  C:\DOCUME~1\ADMINI~1\LOCALS~1\Temp\ccDwzcVf.s 			page 7


 202              		.cfi_def_cfa_register 7
 138:.\Generated_Source\PSoC5/Droop_Filter_PM.c ****     /* Save Filter enable state */
 139:.\Generated_Source\PSoC5/Droop_Filter_PM.c ****     if(Droop_Filter_PM_ACT_MSK == (Droop_Filter_PM_ACT_CFG_REG & Droop_Filter_PM_ACT_MSK))
 203              		.loc 1 139 0
 204 0004 44F2A633 		movw	r3, #:lower16:1073759142
 205 0008 C4F20003 		movt	r3, #:upper16:1073759142
 206 000c 1B78     		ldrb	r3, [r3, #0]
 207 000e DBB2     		uxtb	r3, r3
 208 0010 03F01003 		and	r3, r3, #16
 209 0014 002B     		cmp	r3, #0
 210 0016 07D0     		beq	.L8
 140:.\Generated_Source\PSoC5/Droop_Filter_PM.c ****     {
 141:.\Generated_Source\PSoC5/Droop_Filter_PM.c ****         /* Component is enabled */
 142:.\Generated_Source\PSoC5/Droop_Filter_PM.c ****         Droop_Filter_backup.enableState = Droop_Filter_ENABLED;
 211              		.loc 1 142 0
 212 0018 40F20003 		movw	r3, #:lower16:Droop_Filter_backup
 213 001c C0F20003 		movt	r3, #:upper16:Droop_Filter_backup
 214 0020 4FF00102 		mov	r2, #1
 215 0024 1A70     		strb	r2, [r3, #0]
 216 0026 06E0     		b	.L9
 217              	.L8:
 143:.\Generated_Source\PSoC5/Droop_Filter_PM.c ****     }
 144:.\Generated_Source\PSoC5/Droop_Filter_PM.c ****     else
 145:.\Generated_Source\PSoC5/Droop_Filter_PM.c ****     {
 146:.\Generated_Source\PSoC5/Droop_Filter_PM.c ****         /* Component is disabled */
 147:.\Generated_Source\PSoC5/Droop_Filter_PM.c ****         Droop_Filter_backup.enableState = Droop_Filter_DISABLED;
 218              		.loc 1 147 0
 219 0028 40F20003 		movw	r3, #:lower16:Droop_Filter_backup
 220 002c C0F20003 		movt	r3, #:upper16:Droop_Filter_backup
 221 0030 4FF00002 		mov	r2, #0
 222 0034 1A70     		strb	r2, [r3, #0]
 223              	.L9:
 148:.\Generated_Source\PSoC5/Droop_Filter_PM.c ****     }
 149:.\Generated_Source\PSoC5/Droop_Filter_PM.c **** 
 150:.\Generated_Source\PSoC5/Droop_Filter_PM.c ****     /* Stop the configuration */
 151:.\Generated_Source\PSoC5/Droop_Filter_PM.c ****     Droop_Filter_Stop();
 224              		.loc 1 151 0
 225 0036 FFF7FEFF 		bl	Droop_Filter_Stop
 152:.\Generated_Source\PSoC5/Droop_Filter_PM.c **** 
 153:.\Generated_Source\PSoC5/Droop_Filter_PM.c ****     /* Save the configuration */
 154:.\Generated_Source\PSoC5/Droop_Filter_PM.c ****     Droop_Filter_SaveConfig();
 226              		.loc 1 154 0
 227 003a FFF7FEFF 		bl	Droop_Filter_SaveConfig
 155:.\Generated_Source\PSoC5/Droop_Filter_PM.c **** }
 228              		.loc 1 155 0
 229 003e 80BD     		pop	{r7, pc}
 230              		.cfi_endproc
 231              	.LFE3:
 232              		.size	Droop_Filter_Sleep, .-Droop_Filter_Sleep
 233              		.section	.text.Droop_Filter_Wakeup,"ax",%progbits
 234              		.align	2
 235              		.global	Droop_Filter_Wakeup
 236              		.thumb
 237              		.thumb_func
 238              		.type	Droop_Filter_Wakeup, %function
 239              	Droop_Filter_Wakeup:
 240              	.LFB4:
ARM GAS  C:\DOCUME~1\ADMINI~1\LOCALS~1\Temp\ccDwzcVf.s 			page 8


 156:.\Generated_Source\PSoC5/Droop_Filter_PM.c **** 
 157:.\Generated_Source\PSoC5/Droop_Filter_PM.c **** 
 158:.\Generated_Source\PSoC5/Droop_Filter_PM.c **** /*******************************************************************************
 159:.\Generated_Source\PSoC5/Droop_Filter_PM.c **** * Function Name: Droop_Filter_Wakeup
 160:.\Generated_Source\PSoC5/Droop_Filter_PM.c **** ********************************************************************************
 161:.\Generated_Source\PSoC5/Droop_Filter_PM.c **** *
 162:.\Generated_Source\PSoC5/Droop_Filter_PM.c **** * Summary:
 163:.\Generated_Source\PSoC5/Droop_Filter_PM.c **** *  Enables block's operation and restores its configuration. Should be called
 164:.\Generated_Source\PSoC5/Droop_Filter_PM.c **** *  just after awaking from sleep.
 165:.\Generated_Source\PSoC5/Droop_Filter_PM.c **** *  
 166:.\Generated_Source\PSoC5/Droop_Filter_PM.c **** * Parameters:  
 167:.\Generated_Source\PSoC5/Droop_Filter_PM.c **** *  void
 168:.\Generated_Source\PSoC5/Droop_Filter_PM.c **** *
 169:.\Generated_Source\PSoC5/Droop_Filter_PM.c **** * Return: 
 170:.\Generated_Source\PSoC5/Droop_Filter_PM.c **** *  void
 171:.\Generated_Source\PSoC5/Droop_Filter_PM.c **** *
 172:.\Generated_Source\PSoC5/Droop_Filter_PM.c **** * Global variables:
 173:.\Generated_Source\PSoC5/Droop_Filter_PM.c **** *  Droop_Filter_backup:  The structure field 'enableState' is used to 
 174:.\Generated_Source\PSoC5/Droop_Filter_PM.c **** *  restore the enable state of block after wakeup from sleep mode.
 175:.\Generated_Source\PSoC5/Droop_Filter_PM.c **** *
 176:.\Generated_Source\PSoC5/Droop_Filter_PM.c **** *******************************************************************************/
 177:.\Generated_Source\PSoC5/Droop_Filter_PM.c **** void Droop_Filter_Wakeup(void) 
 178:.\Generated_Source\PSoC5/Droop_Filter_PM.c **** {
 241              		.loc 1 178 0
 242              		.cfi_startproc
 243              		@ args = 0, pretend = 0, frame = 0
 244              		@ frame_needed = 1, uses_anonymous_args = 0
 245 0000 80B5     		push	{r7, lr}
 246              	.LCFI8:
 247              		.cfi_def_cfa_offset 8
 248 0002 00AF     		add	r7, sp, #0
 249              		.cfi_offset 14, -4
 250              		.cfi_offset 7, -8
 251              	.LCFI9:
 252              		.cfi_def_cfa_register 7
 179:.\Generated_Source\PSoC5/Droop_Filter_PM.c ****     /* Restore the configuration */
 180:.\Generated_Source\PSoC5/Droop_Filter_PM.c ****     Droop_Filter_RestoreConfig();
 253              		.loc 1 180 0
 254 0004 FFF7FEFF 		bl	Droop_Filter_RestoreConfig
 181:.\Generated_Source\PSoC5/Droop_Filter_PM.c ****     
 182:.\Generated_Source\PSoC5/Droop_Filter_PM.c ****     /* Enable's the component operation */
 183:.\Generated_Source\PSoC5/Droop_Filter_PM.c ****     if(Droop_Filter_backup.enableState == Droop_Filter_ENABLED)
 255              		.loc 1 183 0
 256 0008 40F20003 		movw	r3, #:lower16:Droop_Filter_backup
 257 000c C0F20003 		movt	r3, #:upper16:Droop_Filter_backup
 258 0010 1B78     		ldrb	r3, [r3, #0]	@ zero_extendqisi2
 259 0012 012B     		cmp	r3, #1
 260 0014 01D1     		bne	.L13
 184:.\Generated_Source\PSoC5/Droop_Filter_PM.c ****     {
 185:.\Generated_Source\PSoC5/Droop_Filter_PM.c ****         Droop_Filter_Enable();
 261              		.loc 1 185 0
 262 0016 FFF7FEFF 		bl	Droop_Filter_Enable
 263              	.L13:
 186:.\Generated_Source\PSoC5/Droop_Filter_PM.c ****     } /* Do nothing if component was disable before */
 187:.\Generated_Source\PSoC5/Droop_Filter_PM.c **** }
 264              		.loc 1 187 0
 265 001a 80BD     		pop	{r7, pc}
ARM GAS  C:\DOCUME~1\ADMINI~1\LOCALS~1\Temp\ccDwzcVf.s 			page 9


 266              		.cfi_endproc
 267              	.LFE4:
 268              		.size	Droop_Filter_Wakeup, .-Droop_Filter_Wakeup
 269              		.text
 270              	.Letext0:
 271              		.section	.debug_loc,"",%progbits
 272              	.Ldebug_loc0:
 273              	.LLST0:
 274 0000 00000000 		.4byte	.LFB0
 275 0004 02000000 		.4byte	.LCFI0
 276 0008 0100     		.2byte	0x1
 277 000a 5D       		.byte	0x5d
 278 000b 02000000 		.4byte	.LCFI0
 279 000f 04000000 		.4byte	.LCFI1
 280 0013 0200     		.2byte	0x2
 281 0015 7D       		.byte	0x7d
 282 0016 04       		.sleb128 4
 283 0017 04000000 		.4byte	.LCFI1
 284 001b 4C000000 		.4byte	.LFE0
 285 001f 0200     		.2byte	0x2
 286 0021 77       		.byte	0x77
 287 0022 04       		.sleb128 4
 288 0023 00000000 		.4byte	0x0
 289 0027 00000000 		.4byte	0x0
 290              	.LLST1:
 291 002b 00000000 		.4byte	.LFB1
 292 002f 02000000 		.4byte	.LCFI2
 293 0033 0100     		.2byte	0x1
 294 0035 5D       		.byte	0x5d
 295 0036 02000000 		.4byte	.LCFI2
 296 003a 04000000 		.4byte	.LCFI3
 297 003e 0200     		.2byte	0x2
 298 0040 7D       		.byte	0x7d
 299 0041 08       		.sleb128 8
 300 0042 04000000 		.4byte	.LCFI3
 301 0046 46000000 		.4byte	.LFE1
 302 004a 0200     		.2byte	0x2
 303 004c 77       		.byte	0x77
 304 004d 08       		.sleb128 8
 305 004e 00000000 		.4byte	0x0
 306 0052 00000000 		.4byte	0x0
 307              	.LLST2:
 308 0056 00000000 		.4byte	.LFB2
 309 005a 02000000 		.4byte	.LCFI4
 310 005e 0100     		.2byte	0x1
 311 0060 5D       		.byte	0x5d
 312 0061 02000000 		.4byte	.LCFI4
 313 0065 04000000 		.4byte	.LCFI5
 314 0069 0200     		.2byte	0x2
 315 006b 7D       		.byte	0x7d
 316 006c 08       		.sleb128 8
 317 006d 04000000 		.4byte	.LCFI5
 318 0071 56000000 		.4byte	.LFE2
 319 0075 0200     		.2byte	0x2
 320 0077 77       		.byte	0x77
 321 0078 08       		.sleb128 8
 322 0079 00000000 		.4byte	0x0
ARM GAS  C:\DOCUME~1\ADMINI~1\LOCALS~1\Temp\ccDwzcVf.s 			page 10


 323 007d 00000000 		.4byte	0x0
 324              	.LLST3:
 325 0081 00000000 		.4byte	.LFB3
 326 0085 02000000 		.4byte	.LCFI6
 327 0089 0100     		.2byte	0x1
 328 008b 5D       		.byte	0x5d
 329 008c 02000000 		.4byte	.LCFI6
 330 0090 04000000 		.4byte	.LCFI7
 331 0094 0200     		.2byte	0x2
 332 0096 7D       		.byte	0x7d
 333 0097 08       		.sleb128 8
 334 0098 04000000 		.4byte	.LCFI7
 335 009c 40000000 		.4byte	.LFE3
 336 00a0 0200     		.2byte	0x2
 337 00a2 77       		.byte	0x77
 338 00a3 08       		.sleb128 8
 339 00a4 00000000 		.4byte	0x0
 340 00a8 00000000 		.4byte	0x0
 341              	.LLST4:
 342 00ac 00000000 		.4byte	.LFB4
 343 00b0 02000000 		.4byte	.LCFI8
 344 00b4 0100     		.2byte	0x1
 345 00b6 5D       		.byte	0x5d
 346 00b7 02000000 		.4byte	.LCFI8
 347 00bb 04000000 		.4byte	.LCFI9
 348 00bf 0200     		.2byte	0x2
 349 00c1 7D       		.byte	0x7d
 350 00c2 08       		.sleb128 8
 351 00c3 04000000 		.4byte	.LCFI9
 352 00c7 1C000000 		.4byte	.LFE4
 353 00cb 0200     		.2byte	0x2
 354 00cd 77       		.byte	0x77
 355 00ce 08       		.sleb128 8
 356 00cf 00000000 		.4byte	0x0
 357 00d3 00000000 		.4byte	0x0
 358              		.file 2 ".\\Generated_Source\\PSoC5\\/Droop_Filter.H"
 359              		.file 3 ".\\Generated_Source\\PSoC5\\/cytypes.h"
 360              		.file 4 ".\\Generated_Source\\PSoC5\\/Droop_Filter_PVT.h"
 361              		.section	.debug_info
 362 0000 74010000 		.4byte	0x174
 363 0004 0200     		.2byte	0x2
 364 0006 00000000 		.4byte	.Ldebug_abbrev0
 365 000a 04       		.byte	0x4
 366 000b 01       		.uleb128 0x1
 367 000c EB000000 		.4byte	.LASF21
 368 0010 01       		.byte	0x1
 369 0011 3D010000 		.4byte	.LASF22
 370 0015 6F010000 		.4byte	.LASF23
 371 0019 00000000 		.4byte	0x0
 372 001d 00000000 		.4byte	0x0
 373 0021 00000000 		.4byte	.Ldebug_ranges0+0x0
 374 0025 00000000 		.4byte	.Ldebug_line0
 375 0029 02       		.uleb128 0x2
 376 002a 01       		.byte	0x1
 377 002b 06       		.byte	0x6
 378 002c EA010000 		.4byte	.LASF0
 379 0030 02       		.uleb128 0x2
ARM GAS  C:\DOCUME~1\ADMINI~1\LOCALS~1\Temp\ccDwzcVf.s 			page 11


 380 0031 01       		.byte	0x1
 381 0032 08       		.byte	0x8
 382 0033 12010000 		.4byte	.LASF1
 383 0037 02       		.uleb128 0x2
 384 0038 02       		.byte	0x2
 385 0039 05       		.byte	0x5
 386 003a FC010000 		.4byte	.LASF2
 387 003e 02       		.uleb128 0x2
 388 003f 02       		.byte	0x2
 389 0040 07       		.byte	0x7
 390 0041 0E000000 		.4byte	.LASF3
 391 0045 03       		.uleb128 0x3
 392 0046 04       		.byte	0x4
 393 0047 05       		.byte	0x5
 394 0048 696E7400 		.ascii	"int\000"
 395 004c 02       		.uleb128 0x2
 396 004d 04       		.byte	0x4
 397 004e 07       		.byte	0x7
 398 004f 2D000000 		.4byte	.LASF4
 399 0053 02       		.uleb128 0x2
 400 0054 08       		.byte	0x8
 401 0055 05       		.byte	0x5
 402 0056 00000000 		.4byte	.LASF5
 403 005a 02       		.uleb128 0x2
 404 005b 08       		.byte	0x8
 405 005c 07       		.byte	0x7
 406 005d 9C000000 		.4byte	.LASF6
 407 0061 02       		.uleb128 0x2
 408 0062 04       		.byte	0x4
 409 0063 05       		.byte	0x5
 410 0064 34010000 		.4byte	.LASF7
 411 0068 04       		.uleb128 0x4
 412 0069 04       		.byte	0x4
 413 006a 07       		.byte	0x7
 414 006b 02       		.uleb128 0x2
 415 006c 04       		.byte	0x4
 416 006d 07       		.byte	0x7
 417 006e 6F000000 		.4byte	.LASF8
 418 0072 02       		.uleb128 0x2
 419 0073 01       		.byte	0x1
 420 0074 08       		.byte	0x8
 421 0075 E6000000 		.4byte	.LASF9
 422 0079 05       		.uleb128 0x5
 423 007a 69000000 		.4byte	.LASF14
 424 007e 03       		.byte	0x3
 425 007f 4C       		.byte	0x4c
 426 0080 30000000 		.4byte	0x30
 427 0084 02       		.uleb128 0x2
 428 0085 04       		.byte	0x4
 429 0086 04       		.byte	0x4
 430 0087 F6010000 		.4byte	.LASF10
 431 008b 02       		.uleb128 0x2
 432 008c 08       		.byte	0x8
 433 008d 04       		.byte	0x4
 434 008e 68010000 		.4byte	.LASF11
 435 0092 06       		.uleb128 0x6
 436 0093 F7000000 		.4byte	.LASF24
ARM GAS  C:\DOCUME~1\ADMINI~1\LOCALS~1\Temp\ccDwzcVf.s 			page 12


 437 0097 04       		.byte	0x4
 438 0098 02       		.byte	0x2
 439 0099 1E       		.byte	0x1e
 440 009a D5000000 		.4byte	0xd5
 441 009e 07       		.uleb128 0x7
 442 009f 21000000 		.4byte	.LASF12
 443 00a3 02       		.byte	0x2
 444 00a4 1F       		.byte	0x1f
 445 00a5 79000000 		.4byte	0x79
 446 00a9 02       		.byte	0x2
 447 00aa 23       		.byte	0x23
 448 00ab 00       		.uleb128 0x0
 449 00ac 08       		.uleb128 0x8
 450 00ad 637200   		.ascii	"cr\000"
 451 00b0 02       		.byte	0x2
 452 00b1 20       		.byte	0x20
 453 00b2 79000000 		.4byte	0x79
 454 00b6 02       		.byte	0x2
 455 00b7 23       		.byte	0x23
 456 00b8 01       		.uleb128 0x1
 457 00b9 08       		.uleb128 0x8
 458 00ba 737200   		.ascii	"sr\000"
 459 00bd 02       		.byte	0x2
 460 00be 21       		.byte	0x21
 461 00bf 79000000 		.4byte	0x79
 462 00c3 02       		.byte	0x2
 463 00c4 23       		.byte	0x23
 464 00c5 02       		.uleb128 0x2
 465 00c6 07       		.uleb128 0x7
 466 00c7 CE000000 		.4byte	.LASF13
 467 00cb 02       		.byte	0x2
 468 00cc 22       		.byte	0x22
 469 00cd 79000000 		.4byte	0x79
 470 00d1 02       		.byte	0x2
 471 00d2 23       		.byte	0x23
 472 00d3 03       		.uleb128 0x3
 473 00d4 00       		.byte	0x0
 474 00d5 05       		.uleb128 0x5
 475 00d6 81000000 		.4byte	.LASF15
 476 00da 02       		.byte	0x2
 477 00db 23       		.byte	0x23
 478 00dc 92000000 		.4byte	0x92
 479 00e0 09       		.uleb128 0x9
 480 00e1 01       		.byte	0x1
 481 00e2 17020000 		.4byte	.LASF16
 482 00e6 01       		.byte	0x1
 483 00e7 2E       		.byte	0x2e
 484 00e8 01       		.byte	0x1
 485 00e9 00000000 		.4byte	.LFB0
 486 00ed 4C000000 		.4byte	.LFE0
 487 00f1 00000000 		.4byte	.LLST0
 488 00f5 09       		.uleb128 0x9
 489 00f6 01       		.byte	0x1
 490 00f7 4E000000 		.4byte	.LASF17
 491 00fb 01       		.byte	0x1
 492 00fc 49       		.byte	0x49
 493 00fd 01       		.byte	0x1
ARM GAS  C:\DOCUME~1\ADMINI~1\LOCALS~1\Temp\ccDwzcVf.s 			page 13


 494 00fe 00000000 		.4byte	.LFB1
 495 0102 46000000 		.4byte	.LFE1
 496 0106 2B000000 		.4byte	.LLST1
 497 010a 09       		.uleb128 0x9
 498 010b 01       		.byte	0x1
 499 010c B3000000 		.4byte	.LASF18
 500 0110 01       		.byte	0x1
 501 0111 64       		.byte	0x64
 502 0112 01       		.byte	0x1
 503 0113 00000000 		.4byte	.LFB2
 504 0117 56000000 		.4byte	.LFE2
 505 011b 56000000 		.4byte	.LLST2
 506 011f 09       		.uleb128 0x9
 507 0120 01       		.byte	0x1
 508 0121 D3000000 		.4byte	.LASF19
 509 0125 01       		.byte	0x1
 510 0126 88       		.byte	0x88
 511 0127 01       		.byte	0x1
 512 0128 00000000 		.4byte	.LFB3
 513 012c 40000000 		.4byte	.LFE3
 514 0130 81000000 		.4byte	.LLST3
 515 0134 09       		.uleb128 0x9
 516 0135 01       		.byte	0x1
 517 0136 20010000 		.4byte	.LASF20
 518 013a 01       		.byte	0x1
 519 013b B1       		.byte	0xb1
 520 013c 01       		.byte	0x1
 521 013d 00000000 		.4byte	.LFB4
 522 0141 1C000000 		.4byte	.LFE4
 523 0145 AC000000 		.4byte	.LLST4
 524 0149 0A       		.uleb128 0xa
 525 014a 3A000000 		.4byte	.LASF25
 526 014e 01       		.byte	0x1
 527 014f 13       		.byte	0x13
 528 0150 D5000000 		.4byte	0xd5
 529 0154 05       		.byte	0x5
 530 0155 03       		.byte	0x3
 531 0156 00000000 		.4byte	Droop_Filter_backup
 532 015a 0B       		.uleb128 0xb
 533 015b 79000000 		.4byte	0x79
 534 015f 65010000 		.4byte	0x165
 535 0163 0C       		.uleb128 0xc
 536 0164 00       		.byte	0x0
 537 0165 0D       		.uleb128 0xd
 538 0166 06020000 		.4byte	.LASF26
 539 016a 04       		.byte	0x4
 540 016b 28       		.byte	0x28
 541 016c 72010000 		.4byte	0x172
 542 0170 01       		.byte	0x1
 543 0171 01       		.byte	0x1
 544 0172 0E       		.uleb128 0xe
 545 0173 5A010000 		.4byte	0x15a
 546 0177 00       		.byte	0x0
 547              		.section	.debug_abbrev
 548 0000 01       		.uleb128 0x1
 549 0001 11       		.uleb128 0x11
 550 0002 01       		.byte	0x1
ARM GAS  C:\DOCUME~1\ADMINI~1\LOCALS~1\Temp\ccDwzcVf.s 			page 14


 551 0003 25       		.uleb128 0x25
 552 0004 0E       		.uleb128 0xe
 553 0005 13       		.uleb128 0x13
 554 0006 0B       		.uleb128 0xb
 555 0007 03       		.uleb128 0x3
 556 0008 0E       		.uleb128 0xe
 557 0009 1B       		.uleb128 0x1b
 558 000a 0E       		.uleb128 0xe
 559 000b 11       		.uleb128 0x11
 560 000c 01       		.uleb128 0x1
 561 000d 52       		.uleb128 0x52
 562 000e 01       		.uleb128 0x1
 563 000f 55       		.uleb128 0x55
 564 0010 06       		.uleb128 0x6
 565 0011 10       		.uleb128 0x10
 566 0012 06       		.uleb128 0x6
 567 0013 00       		.byte	0x0
 568 0014 00       		.byte	0x0
 569 0015 02       		.uleb128 0x2
 570 0016 24       		.uleb128 0x24
 571 0017 00       		.byte	0x0
 572 0018 0B       		.uleb128 0xb
 573 0019 0B       		.uleb128 0xb
 574 001a 3E       		.uleb128 0x3e
 575 001b 0B       		.uleb128 0xb
 576 001c 03       		.uleb128 0x3
 577 001d 0E       		.uleb128 0xe
 578 001e 00       		.byte	0x0
 579 001f 00       		.byte	0x0
 580 0020 03       		.uleb128 0x3
 581 0021 24       		.uleb128 0x24
 582 0022 00       		.byte	0x0
 583 0023 0B       		.uleb128 0xb
 584 0024 0B       		.uleb128 0xb
 585 0025 3E       		.uleb128 0x3e
 586 0026 0B       		.uleb128 0xb
 587 0027 03       		.uleb128 0x3
 588 0028 08       		.uleb128 0x8
 589 0029 00       		.byte	0x0
 590 002a 00       		.byte	0x0
 591 002b 04       		.uleb128 0x4
 592 002c 24       		.uleb128 0x24
 593 002d 00       		.byte	0x0
 594 002e 0B       		.uleb128 0xb
 595 002f 0B       		.uleb128 0xb
 596 0030 3E       		.uleb128 0x3e
 597 0031 0B       		.uleb128 0xb
 598 0032 00       		.byte	0x0
 599 0033 00       		.byte	0x0
 600 0034 05       		.uleb128 0x5
 601 0035 16       		.uleb128 0x16
 602 0036 00       		.byte	0x0
 603 0037 03       		.uleb128 0x3
 604 0038 0E       		.uleb128 0xe
 605 0039 3A       		.uleb128 0x3a
 606 003a 0B       		.uleb128 0xb
 607 003b 3B       		.uleb128 0x3b
ARM GAS  C:\DOCUME~1\ADMINI~1\LOCALS~1\Temp\ccDwzcVf.s 			page 15


 608 003c 0B       		.uleb128 0xb
 609 003d 49       		.uleb128 0x49
 610 003e 13       		.uleb128 0x13
 611 003f 00       		.byte	0x0
 612 0040 00       		.byte	0x0
 613 0041 06       		.uleb128 0x6
 614 0042 13       		.uleb128 0x13
 615 0043 01       		.byte	0x1
 616 0044 03       		.uleb128 0x3
 617 0045 0E       		.uleb128 0xe
 618 0046 0B       		.uleb128 0xb
 619 0047 0B       		.uleb128 0xb
 620 0048 3A       		.uleb128 0x3a
 621 0049 0B       		.uleb128 0xb
 622 004a 3B       		.uleb128 0x3b
 623 004b 0B       		.uleb128 0xb
 624 004c 01       		.uleb128 0x1
 625 004d 13       		.uleb128 0x13
 626 004e 00       		.byte	0x0
 627 004f 00       		.byte	0x0
 628 0050 07       		.uleb128 0x7
 629 0051 0D       		.uleb128 0xd
 630 0052 00       		.byte	0x0
 631 0053 03       		.uleb128 0x3
 632 0054 0E       		.uleb128 0xe
 633 0055 3A       		.uleb128 0x3a
 634 0056 0B       		.uleb128 0xb
 635 0057 3B       		.uleb128 0x3b
 636 0058 0B       		.uleb128 0xb
 637 0059 49       		.uleb128 0x49
 638 005a 13       		.uleb128 0x13
 639 005b 38       		.uleb128 0x38
 640 005c 0A       		.uleb128 0xa
 641 005d 00       		.byte	0x0
 642 005e 00       		.byte	0x0
 643 005f 08       		.uleb128 0x8
 644 0060 0D       		.uleb128 0xd
 645 0061 00       		.byte	0x0
 646 0062 03       		.uleb128 0x3
 647 0063 08       		.uleb128 0x8
 648 0064 3A       		.uleb128 0x3a
 649 0065 0B       		.uleb128 0xb
 650 0066 3B       		.uleb128 0x3b
 651 0067 0B       		.uleb128 0xb
 652 0068 49       		.uleb128 0x49
 653 0069 13       		.uleb128 0x13
 654 006a 38       		.uleb128 0x38
 655 006b 0A       		.uleb128 0xa
 656 006c 00       		.byte	0x0
 657 006d 00       		.byte	0x0
 658 006e 09       		.uleb128 0x9
 659 006f 2E       		.uleb128 0x2e
 660 0070 00       		.byte	0x0
 661 0071 3F       		.uleb128 0x3f
 662 0072 0C       		.uleb128 0xc
 663 0073 03       		.uleb128 0x3
 664 0074 0E       		.uleb128 0xe
ARM GAS  C:\DOCUME~1\ADMINI~1\LOCALS~1\Temp\ccDwzcVf.s 			page 16


 665 0075 3A       		.uleb128 0x3a
 666 0076 0B       		.uleb128 0xb
 667 0077 3B       		.uleb128 0x3b
 668 0078 0B       		.uleb128 0xb
 669 0079 27       		.uleb128 0x27
 670 007a 0C       		.uleb128 0xc
 671 007b 11       		.uleb128 0x11
 672 007c 01       		.uleb128 0x1
 673 007d 12       		.uleb128 0x12
 674 007e 01       		.uleb128 0x1
 675 007f 40       		.uleb128 0x40
 676 0080 06       		.uleb128 0x6
 677 0081 00       		.byte	0x0
 678 0082 00       		.byte	0x0
 679 0083 0A       		.uleb128 0xa
 680 0084 34       		.uleb128 0x34
 681 0085 00       		.byte	0x0
 682 0086 03       		.uleb128 0x3
 683 0087 0E       		.uleb128 0xe
 684 0088 3A       		.uleb128 0x3a
 685 0089 0B       		.uleb128 0xb
 686 008a 3B       		.uleb128 0x3b
 687 008b 0B       		.uleb128 0xb
 688 008c 49       		.uleb128 0x49
 689 008d 13       		.uleb128 0x13
 690 008e 02       		.uleb128 0x2
 691 008f 0A       		.uleb128 0xa
 692 0090 00       		.byte	0x0
 693 0091 00       		.byte	0x0
 694 0092 0B       		.uleb128 0xb
 695 0093 01       		.uleb128 0x1
 696 0094 01       		.byte	0x1
 697 0095 49       		.uleb128 0x49
 698 0096 13       		.uleb128 0x13
 699 0097 01       		.uleb128 0x1
 700 0098 13       		.uleb128 0x13
 701 0099 00       		.byte	0x0
 702 009a 00       		.byte	0x0
 703 009b 0C       		.uleb128 0xc
 704 009c 21       		.uleb128 0x21
 705 009d 00       		.byte	0x0
 706 009e 00       		.byte	0x0
 707 009f 00       		.byte	0x0
 708 00a0 0D       		.uleb128 0xd
 709 00a1 34       		.uleb128 0x34
 710 00a2 00       		.byte	0x0
 711 00a3 03       		.uleb128 0x3
 712 00a4 0E       		.uleb128 0xe
 713 00a5 3A       		.uleb128 0x3a
 714 00a6 0B       		.uleb128 0xb
 715 00a7 3B       		.uleb128 0x3b
 716 00a8 0B       		.uleb128 0xb
 717 00a9 49       		.uleb128 0x49
 718 00aa 13       		.uleb128 0x13
 719 00ab 3F       		.uleb128 0x3f
 720 00ac 0C       		.uleb128 0xc
 721 00ad 3C       		.uleb128 0x3c
ARM GAS  C:\DOCUME~1\ADMINI~1\LOCALS~1\Temp\ccDwzcVf.s 			page 17


 722 00ae 0C       		.uleb128 0xc
 723 00af 00       		.byte	0x0
 724 00b0 00       		.byte	0x0
 725 00b1 0E       		.uleb128 0xe
 726 00b2 26       		.uleb128 0x26
 727 00b3 00       		.byte	0x0
 728 00b4 49       		.uleb128 0x49
 729 00b5 13       		.uleb128 0x13
 730 00b6 00       		.byte	0x0
 731 00b7 00       		.byte	0x0
 732 00b8 00       		.byte	0x0
 733              		.section	.debug_pubnames,"",%progbits
 734 0000 97000000 		.4byte	0x97
 735 0004 0200     		.2byte	0x2
 736 0006 00000000 		.4byte	.Ldebug_info0
 737 000a 78010000 		.4byte	0x178
 738 000e E0000000 		.4byte	0xe0
 739 0012 44726F6F 		.ascii	"Droop_Filter_SaveConfig\000"
 739      705F4669 
 739      6C746572 
 739      5F536176 
 739      65436F6E 
 740 002a F5000000 		.4byte	0xf5
 741 002e 44726F6F 		.ascii	"Droop_Filter_RestoreConfig\000"
 741      705F4669 
 741      6C746572 
 741      5F526573 
 741      746F7265 
 742 0049 0A010000 		.4byte	0x10a
 743 004d 44726F6F 		.ascii	"Droop_Filter_RestoreACURam\000"
 743      705F4669 
 743      6C746572 
 743      5F526573 
 743      746F7265 
 744 0068 1F010000 		.4byte	0x11f
 745 006c 44726F6F 		.ascii	"Droop_Filter_Sleep\000"
 745      705F4669 
 745      6C746572 
 745      5F536C65 
 745      657000
 746 007f 34010000 		.4byte	0x134
 747 0083 44726F6F 		.ascii	"Droop_Filter_Wakeup\000"
 747      705F4669 
 747      6C746572 
 747      5F57616B 
 747      65757000 
 748 0097 00000000 		.4byte	0x0
 749              		.section	.debug_aranges,"",%progbits
 750 0000 3C000000 		.4byte	0x3c
 751 0004 0200     		.2byte	0x2
 752 0006 00000000 		.4byte	.Ldebug_info0
 753 000a 04       		.byte	0x4
 754 000b 00       		.byte	0x0
 755 000c 0000     		.2byte	0x0
 756 000e 0000     		.2byte	0x0
 757 0010 00000000 		.4byte	.LFB0
 758 0014 4C000000 		.4byte	.LFE0-.LFB0
ARM GAS  C:\DOCUME~1\ADMINI~1\LOCALS~1\Temp\ccDwzcVf.s 			page 18


 759 0018 00000000 		.4byte	.LFB1
 760 001c 46000000 		.4byte	.LFE1-.LFB1
 761 0020 00000000 		.4byte	.LFB2
 762 0024 56000000 		.4byte	.LFE2-.LFB2
 763 0028 00000000 		.4byte	.LFB3
 764 002c 40000000 		.4byte	.LFE3-.LFB3
 765 0030 00000000 		.4byte	.LFB4
 766 0034 1C000000 		.4byte	.LFE4-.LFB4
 767 0038 00000000 		.4byte	0x0
 768 003c 00000000 		.4byte	0x0
 769              		.section	.debug_ranges,"",%progbits
 770              	.Ldebug_ranges0:
 771 0000 00000000 		.4byte	.Ltext0
 772 0004 00000000 		.4byte	.Letext0
 773 0008 00000000 		.4byte	.LFB0
 774 000c 4C000000 		.4byte	.LFE0
 775 0010 00000000 		.4byte	.LFB1
 776 0014 46000000 		.4byte	.LFE1
 777 0018 00000000 		.4byte	.LFB2
 778 001c 56000000 		.4byte	.LFE2
 779 0020 00000000 		.4byte	.LFB3
 780 0024 40000000 		.4byte	.LFE3
 781 0028 00000000 		.4byte	.LFB4
 782 002c 1C000000 		.4byte	.LFE4
 783 0030 00000000 		.4byte	0x0
 784 0034 00000000 		.4byte	0x0
 785              		.section	.debug_str,"MS",%progbits,1
 786              	.LASF5:
 787 0000 6C6F6E67 		.ascii	"long long int\000"
 787      206C6F6E 
 787      6720696E 
 787      7400
 788              	.LASF3:
 789 000e 73686F72 		.ascii	"short unsigned int\000"
 789      7420756E 
 789      7369676E 
 789      65642069 
 789      6E7400
 790              	.LASF12:
 791 0021 656E6162 		.ascii	"enableState\000"
 791      6C655374 
 791      61746500 
 792              	.LASF4:
 793 002d 756E7369 		.ascii	"unsigned int\000"
 793      676E6564 
 793      20696E74 
 793      00
 794              	.LASF25:
 795 003a 44726F6F 		.ascii	"Droop_Filter_backup\000"
 795      705F4669 
 795      6C746572 
 795      5F626163 
 795      6B757000 
 796              	.LASF17:
 797 004e 44726F6F 		.ascii	"Droop_Filter_RestoreConfig\000"
 797      705F4669 
 797      6C746572 
ARM GAS  C:\DOCUME~1\ADMINI~1\LOCALS~1\Temp\ccDwzcVf.s 			page 19


 797      5F526573 
 797      746F7265 
 798              	.LASF14:
 799 0069 75696E74 		.ascii	"uint8\000"
 799      3800
 800              	.LASF8:
 801 006f 6C6F6E67 		.ascii	"long unsigned int\000"
 801      20756E73 
 801      69676E65 
 801      6420696E 
 801      7400
 802              	.LASF15:
 803 0081 44726F6F 		.ascii	"Droop_Filter_BACKUP_STRUCT\000"
 803      705F4669 
 803      6C746572 
 803      5F424143 
 803      4B55505F 
 804              	.LASF6:
 805 009c 6C6F6E67 		.ascii	"long long unsigned int\000"
 805      206C6F6E 
 805      6720756E 
 805      7369676E 
 805      65642069 
 806              	.LASF18:
 807 00b3 44726F6F 		.ascii	"Droop_Filter_RestoreACURam\000"
 807      705F4669 
 807      6C746572 
 807      5F526573 
 807      746F7265 
 808              	.LASF13:
 809 00ce 73656D61 		.ascii	"sema\000"
 809      00
 810              	.LASF19:
 811 00d3 44726F6F 		.ascii	"Droop_Filter_Sleep\000"
 811      705F4669 
 811      6C746572 
 811      5F536C65 
 811      657000
 812              	.LASF9:
 813 00e6 63686172 		.ascii	"char\000"
 813      00
 814              	.LASF21:
 815 00eb 474E5520 		.ascii	"GNU C 4.4.1\000"
 815      4320342E 
 815      342E3100 
 816              	.LASF24:
 817 00f7 5F44726F 		.ascii	"_Droop_Filter_backupStruct\000"
 817      6F705F46 
 817      696C7465 
 817      725F6261 
 817      636B7570 
 818              	.LASF1:
 819 0112 756E7369 		.ascii	"unsigned char\000"
 819      676E6564 
 819      20636861 
 819      7200
 820              	.LASF20:
ARM GAS  C:\DOCUME~1\ADMINI~1\LOCALS~1\Temp\ccDwzcVf.s 			page 20


 821 0120 44726F6F 		.ascii	"Droop_Filter_Wakeup\000"
 821      705F4669 
 821      6C746572 
 821      5F57616B 
 821      65757000 
 822              	.LASF7:
 823 0134 6C6F6E67 		.ascii	"long int\000"
 823      20696E74 
 823      00
 824              	.LASF22:
 825 013d 2E5C4765 		.ascii	".\\Generated_Source\\PSoC5\\Droop_Filter_PM.c\000"
 825      6E657261 
 825      7465645F 
 825      536F7572 
 825      63655C50 
 826              	.LASF11:
 827 0168 646F7562 		.ascii	"double\000"
 827      6C6500
 828              	.LASF23:
 829 016f 5A3A5C55 		.ascii	"Z:\\Users\\Charlie\\Documents\\devel\\sonyc\\sonycm"
 829      73657273 
 829      5C436861 
 829      726C6965 
 829      5C446F63 
 830 019c 69635C70 		.ascii	"ic\\psoc5LP_firmware\\PioneerKit_P5LP_USB_Audio\\Pi"
 830      736F6335 
 830      4C505F66 
 830      69726D77 
 830      6172655C 
 831 01cc 6F6E6565 		.ascii	"oneerKit_P5LP_USB_Audio.cydsn\000"
 831      724B6974 
 831      5F50354C 
 831      505F5553 
 831      425F4175 
 832              	.LASF0:
 833 01ea 7369676E 		.ascii	"signed char\000"
 833      65642063 
 833      68617200 
 834              	.LASF10:
 835 01f6 666C6F61 		.ascii	"float\000"
 835      7400
 836              	.LASF2:
 837 01fc 73686F72 		.ascii	"short int\000"
 837      7420696E 
 837      7400
 838              	.LASF26:
 839 0206 44726F6F 		.ascii	"Droop_Filter_acu\000"
 839      705F4669 
 839      6C746572 
 839      5F616375 
 839      00
 840              	.LASF16:
 841 0217 44726F6F 		.ascii	"Droop_Filter_SaveConfig\000"
 841      705F4669 
 841      6C746572 
 841      5F536176 
 841      65436F6E 
ARM GAS  C:\DOCUME~1\ADMINI~1\LOCALS~1\Temp\ccDwzcVf.s 			page 21


 842              		.ident	"GCC: (Sourcery G++ Lite 2010q1-188) 4.4.1"
