Drill Listing
=============
Drill: .0126  Tool: 1  Feed: 095  Speed: 300
X 011969  Y 010394
X 010394  Y 010394
X 012165  Y 010984
X 012402  Y 011339
X 012677  Y 011772
X 012520  Y 012126
X 010394  Y 012362
X 011535  Y 013012
X 010394  Y 013150
X 011535  Y 013504
X 010394  Y 013937
X 011535  Y 013996
X 011575  Y 014488
X 012717  Y 015276
X 010394  Y 015512
X 010394  Y 016299
X 012874  Y 016850
X 010394  Y 017087
X 012559  Y 017520
X 010394  Y 017874
X 010394  Y 019449
X 012362  Y 019449
X 013150  Y 019449
X 013937  Y 019449
X 014724  Y 019449
X 013504  Y 018031
X 013780  Y 016260
X 014961  Y 016260
X 014528  Y 015866
X 014055  Y 015630
X 013150  Y 015315
X 014843  Y 015157
X 014528  Y 015157
X 013780  Y 014803
X 014488  Y 014685
X 014803  Y 014685
X 013543  Y 014311
X 015157  Y 014173
X 014173  Y 013189
X 015374  Y 013031
X 013386  Y 012205
X 014213  Y 011969
X 015354  Y 011713
X 013425  Y 011142
X 013740  Y 011063
X 014685  Y 011063
X 014370  Y 011063
X 012913  Y 010551
X 014744  Y 010472
X 013150  Y 010197
X 014528  Y 010197
X 017441  Y 010433
X 016850  Y 010827
X 016614  Y 011102
X 016614  Y 012520
X 016457  Y 013898
X 017205  Y 014252
X 017835  Y 014291
X 015906  Y 014685
X 016024  Y 015157
X 017205  Y 015472
X 017835  Y 015669
X 016024  Y 015945
X 015433  Y 016260
X 015787  Y 016811
X 016299  Y 019449
X 017874  Y 019449
X 017087  Y 019449
X 015512  Y 019449
X 019449  Y 019449
X 019449  Y 017874
X 019449  Y 017087
X 019449  Y 016299
X 019449  Y 015512
X 018425  Y 014803
X 019449  Y 014724
X 019449  Y 013937
X 018425  Y 013937
X 019449  Y 013150
X 017953  Y 012677
X 018425  Y 012559
X 019449  Y 012362
X 019449  Y 010394
X 017953  Y 010354
Drill: .01969  Tool: 2  Feed: 095  Speed: 300
X 013091  Y 015886 X 012815  Y 015886
X 010886  Y 015886 X 010610  Y 015886
X 012067  Y 016732 X 011634  Y 016732
Drill: .03937  Tool: 3  Feed: 197  Speed: 550
X 015315  Y 014921
Drill: .14173  Tool: 4  Feed: 035  Speed: 900
X 011181  Y 011181
X 011181  Y 018661
X 018661  Y 018661
X 018661  Y 011181
End of Listing
